<?xml version="1.0" encoding="UTF-8"?>
<!-- Generated by org.testng.reporters.JUnitXMLReporter -->
<testsuite ignored="0" hostname="LAPTOP-SECIDV6O" failures="1" tests="7" name="TestName" time="6.123" errors="0" timestamp="2024-10-19T20:05:39 SGT">
  <testcase classname="com.testCases.TestCreateWorkingClassHero" name="byPersonAndType" time="1.729">
    <failure type="java.lang.AssertionError" message="1 expectation failed.
JSON path data[0].name doesn&amp;apos;t match.
Expected: not null
  Actual: null
">
      <![CDATA[java.lang.AssertionError: 1 expectation failed.
JSON path data[0].name doesn't match.
Expected: not null
  Actual: null

at org.codehaus.groovy.runtime.callsite.ConstructorSite$ConstructorSiteNoUnwrapNoCoerce.callConstructor(ConstructorSite.java:108)
at org.codehaus.groovy.runtime.callsite.CallSiteArray.defaultCallConstructor(CallSiteArray.java:57)
at org.codehaus.groovy.runtime.callsite.AbstractCallSite.callConstructor(AbstractCallSite.java:263)
at org.codehaus.groovy.runtime.callsite.AbstractCallSite.callConstructor(AbstractCallSite.java:277)
at io.restassured.internal.ResponseSpecificationImpl$HamcrestAssertionClosure.validate(ResponseSpecificationImpl.groovy:512)
at io.restassured.internal.ResponseSpecificationImpl$HamcrestAssertionClosure$validate$1.call(Unknown Source)
at io.restassured.internal.ResponseSpecificationImpl.validateResponseIfRequired(ResponseSpecificationImpl.groovy:696)
at io.restassured.internal.ResponseSpecificationImpl.this$2$validateResponseIfRequired(ResponseSpecificationImpl.groovy)
at org.codehaus.groovy.runtime.callsite.PlainObjectMetaMethodSite.doInvoke(PlainObjectMetaMethodSite.java:43)
at org.codehaus.groovy.runtime.callsite.PogoMetaMethodSite$PogoCachedMethodSiteNoUnwrapNoCoerce.invoke(PogoMetaMethodSite.java:198)
at org.codehaus.groovy.runtime.callsite.PogoMetaMethodSite.callCurrent(PogoMetaMethodSite.java:62)
at org.codehaus.groovy.runtime.callsite.CallSiteArray.defaultCallCurrent(CallSiteArray.java:49)
at org.codehaus.groovy.runtime.callsite.AbstractCallSite.callCurrent(AbstractCallSite.java:171)
at org.codehaus.groovy.runtime.callsite.AbstractCallSite.callCurrent(AbstractCallSite.java:185)
at io.restassured.internal.ResponseSpecificationImpl.body(ResponseSpecificationImpl.groovy:270)
at io.restassured.specification.ResponseSpecification$body$1.callCurrent(Unknown Source)
at org.codehaus.groovy.runtime.callsite.CallSiteArray.defaultCallCurrent(CallSiteArray.java:49)
at org.codehaus.groovy.runtime.callsite.AbstractCallSite.callCurrent(AbstractCallSite.java:171)
at org.codehaus.groovy.runtime.callsite.AbstractCallSite.callCurrent(AbstractCallSite.java:212)
at io.restassured.internal.ResponseSpecificationImpl.body(ResponseSpecificationImpl.groovy:117)
at io.restassured.internal.ValidatableResponseOptionsImpl.body(ValidatableResponseOptionsImpl.java:244)
at com.testCases.TestCreateWorkingClassHero.byPersonAndType(TestCreateWorkingClassHero.java:205)
at java.base/java.util.ArrayList.forEach(ArrayList.java:1511)
... Removed 37 stack frames]]>
    </failure>
  </testcase> <!-- byPersonAndType -->
  <testcase classname="com.testCases.TestCreateWorkingClassHero" name="createHero" time="0.505"/>
  <testcase classname="com.testCases.TestCreateWorkingClassHero" name="createWorkingCLassHerosWithVouchers" time="0.138"/>
  <testcase classname="com.testCases.TestCreateWorkingClassHero" name="uploadCSVAsBookkeeper" time="2.781"/>
  <testcase classname="com.testCases.TestCreateWorkingClassHero" name="verifyHerosOwningMoney" time="0.683"/>
  <testcase classname="com.testCases.TestCreateWorkingClassHero" name="verifyVoucherByPerson" time="0.093"/>
  <testcase classname="com.testCases.TestGenerateTaxRelief" name="generateHeroTaxRelief" time="0.155"/>
</testsuite> <!-- TestName -->
